<CommonBaseEvent creationTime="2024-02-29T05:59:48.708Z" globalInstanceId="A1EED6C7BFBE74B0C437B33165623663" msg="RPXE0001W 5 users successfully added" severity="50" version="1.0.1">
	<extendedDataElements name="CommonBaseEventLogRecord:level" type="noValue">
		<children name="CommonBaseEventLogRecord:name" type="string">
			<values>SEVERE</values>
		</children>
		<children name="CommonBaseEventLogRecord:value" type="int">
			<values>1000</values>
		</children>
	</extendedDataElements>
	<extendedDataElements name="CommonBaseEventLogRecord:sequenceNumber" type="long">
		<values>0</values>
	</extendedDataElements>
	<extendedDataElements name="CommonBaseEventLogRecord:threadID" type="int">
		<values>53</values>
	</extendedDataElements>
	<extendedDataElements name="CommonBaseEventLogRecord:loggerName" type="string">
		<values>com.ibm.rational.test.lt.core.logging.PDExecutionLog</values>
	</extendedDataElements>
	<sourceComponentId application="DevOps Test Performance" component="Performance Test Type" componentIdType="Application" executionEnvironment="Java" location="192.168.1.34" locationType="IPV4" subComponent="com.ibm.rational.test.lt.kernel_6.1.0" componentType="Hyades Data Collection Engine Application"/>
	<situation categoryName="ReportSituation">
		<situationType xmlns:xsi="http://www.w3.org/2001/XMLSchema-instance" xsi:type="ReportSituation" reasoningScope="INTERNAL" reportCategory="LOG"/>
	</situation>
</CommonBaseEvent>
<CommonBaseEvent creationTime="2024-02-29T06:00:28.969Z" globalInstanceId="A1EED6C7D70A8190C437B33165623663" msg="RPXE0001W *** stop(30000) commencing   Container:  Engine   &lt;Stopper&gt;" severity="50" version="1.0.1">
	<extendedDataElements name="CommonBaseEventLogRecord:level" type="noValue">
		<children name="CommonBaseEventLogRecord:name" type="string">
			<values>SEVERE</values>
		</children>
		<children name="CommonBaseEventLogRecord:value" type="int">
			<values>1000</values>
		</children>
	</extendedDataElements>
	<extendedDataElements name="CommonBaseEventLogRecord:sequenceNumber" type="long">
		<values>1</values>
	</extendedDataElements>
	<extendedDataElements name="CommonBaseEventLogRecord:threadID" type="int">
		<values>53</values>
	</extendedDataElements>
	<extendedDataElements name="CommonBaseEventLogRecord:loggerName" type="string">
		<values>com.ibm.rational.test.lt.core.logging.PDExecutionLog</values>
	</extendedDataElements>
	<sourceComponentId application="DevOps Test Performance" component="Performance Test Type" componentIdType="Application" executionEnvironment="Java" location="192.168.1.34" locationType="IPV4" subComponent="com.ibm.rational.test.lt.kernel_6.1.0" componentType="Hyades Data Collection Engine Application"/>
	<situation categoryName="ReportSituation">
		<situationType xmlns:xsi="http://www.w3.org/2001/XMLSchema-instance" xsi:type="ReportSituation" reasoningScope="INTERNAL" reportCategory="LOG"/>
	</situation>
</CommonBaseEvent>
<CommonBaseEvent creationTime="2024-02-29T06:00:28.971Z" globalInstanceId="A1EED6C7D70ACFB0C437B33165623663" msg="RPXE0001W 7.7.300 Engine STOP reason All Agents Inactive" severity="50" version="1.0.1">
	<extendedDataElements name="CommonBaseEventLogRecord:level" type="noValue">
		<children name="CommonBaseEventLogRecord:name" type="string">
			<values>SEVERE</values>
		</children>
		<children name="CommonBaseEventLogRecord:value" type="int">
			<values>1000</values>
		</children>
	</extendedDataElements>
	<extendedDataElements name="CommonBaseEventLogRecord:sequenceNumber" type="long">
		<values>2</values>
	</extendedDataElements>
	<extendedDataElements name="CommonBaseEventLogRecord:threadID" type="int">
		<values>53</values>
	</extendedDataElements>
	<extendedDataElements name="CommonBaseEventLogRecord:loggerName" type="string">
		<values>com.ibm.rational.test.lt.core.logging.PDExecutionLog</values>
	</extendedDataElements>
	<sourceComponentId application="DevOps Test Performance" component="Performance Test Type" componentIdType="Application" executionEnvironment="Java" location="192.168.1.34" locationType="IPV4" subComponent="com.ibm.rational.test.lt.kernel_6.1.0" componentType="Hyades Data Collection Engine Application"/>
	<situation categoryName="ReportSituation">
		<situationType xmlns:xsi="http://www.w3.org/2001/XMLSchema-instance" xsi:type="ReportSituation" reasoningScope="INTERNAL" reportCategory="LOG"/>
	</situation>
</CommonBaseEvent>
<CommonBaseEvent creationTime="2024-02-29T06:00:28.971Z" globalInstanceId="A1EED6C7D70AF6C0C437B33165623663" msg="RPXE0001W Problem Determination Log Statistics" severity="50" version="1.0.1">
	<extendedDataElements name="CommonBaseEventLogRecord:level" type="noValue">
		<children name="CommonBaseEventLogRecord:name" type="string">
			<values>SEVERE</values>
		</children>
		<children name="CommonBaseEventLogRecord:value" type="int">
			<values>1000</values>
		</children>
	</extendedDataElements>
	<extendedDataElements name="CommonBaseEventLogRecord:sequenceNumber" type="long">
		<values>3</values>
	</extendedDataElements>
	<extendedDataElements name="CommonBaseEventLogRecord:threadID" type="int">
		<values>53</values>
	</extendedDataElements>
	<extendedDataElements name="CommonBaseEventLogRecord:loggerName" type="string">
		<values>com.ibm.rational.test.lt.core.logging.PDExecutionLog</values>
	</extendedDataElements>
	<sourceComponentId application="DevOps Test Performance" component="Performance Test Type" componentIdType="Application" executionEnvironment="Java" location="192.168.1.34" locationType="IPV4" subComponent="com.ibm.rational.test.lt.kernel_6.1.0" componentType="Hyades Data Collection Engine Application"/>
	<situation categoryName="ReportSituation">
		<situationType xmlns:xsi="http://www.w3.org/2001/XMLSchema-instance" xsi:type="ReportSituation" reasoningScope="INTERNAL" reportCategory="LOG"/>
	</situation>
</CommonBaseEvent>
<CommonBaseEvent creationTime="2024-02-29T06:00:28.971Z" globalInstanceId="A1EED6C7D70AF6C1C437B33165623663" msg="RPXE0001W PDLog rejected=0" severity="50" version="1.0.1">
	<extendedDataElements name="CommonBaseEventLogRecord:level" type="noValue">
		<children name="CommonBaseEventLogRecord:name" type="string">
			<values>SEVERE</values>
		</children>
		<children name="CommonBaseEventLogRecord:value" type="int">
			<values>1000</values>
		</children>
	</extendedDataElements>
	<extendedDataElements name="CommonBaseEventLogRecord:sequenceNumber" type="long">
		<values>4</values>
	</extendedDataElements>
	<extendedDataElements name="CommonBaseEventLogRecord:threadID" type="int">
		<values>53</values>
	</extendedDataElements>
	<extendedDataElements name="CommonBaseEventLogRecord:loggerName" type="string">
		<values>com.ibm.rational.test.lt.core.logging.PDExecutionLog</values>
	</extendedDataElements>
	<sourceComponentId application="DevOps Test Performance" component="Performance Test Type" componentIdType="Application" executionEnvironment="Java" location="192.168.1.34" locationType="IPV4" subComponent="com.ibm.rational.test.lt.kernel_6.1.0" componentType="Hyades Data Collection Engine Application"/>
	<situation categoryName="ReportSituation">
		<situationType xmlns:xsi="http://www.w3.org/2001/XMLSchema-instance" xsi:type="ReportSituation" reasoningScope="INTERNAL" reportCategory="LOG"/>
	</situation>
</CommonBaseEvent>
<CommonBaseEvent creationTime="2024-02-29T06:00:28.974Z" globalInstanceId="A1EED6C7D70B44E0C437B33165623663" msg="RPXE0001W *** stop(30000) completed   &lt;Stopper&gt;" severity="50" version="1.0.1">
	<extendedDataElements name="CommonBaseEventLogRecord:level" type="noValue">
		<children name="CommonBaseEventLogRecord:name" type="string">
			<values>SEVERE</values>
		</children>
		<children name="CommonBaseEventLogRecord:value" type="int">
			<values>1000</values>
		</children>
	</extendedDataElements>
	<extendedDataElements name="CommonBaseEventLogRecord:sequenceNumber" type="long">
		<values>5</values>
	</extendedDataElements>
	<extendedDataElements name="CommonBaseEventLogRecord:threadID" type="int">
		<values>53</values>
	</extendedDataElements>
	<extendedDataElements name="CommonBaseEventLogRecord:loggerName" type="string">
		<values>com.ibm.rational.test.lt.core.logging.PDExecutionLog</values>
	</extendedDataElements>
	<sourceComponentId application="DevOps Test Performance" component="Performance Test Type" componentIdType="Application" executionEnvironment="Java" location="192.168.1.34" locationType="IPV4" subComponent="com.ibm.rational.test.lt.kernel_6.1.0" componentType="Hyades Data Collection Engine Application"/>
	<situation categoryName="ReportSituation">
		<situationType xmlns:xsi="http://www.w3.org/2001/XMLSchema-instance" xsi:type="ReportSituation" reasoningScope="INTERNAL" reportCategory="LOG"/>
	</situation>
</CommonBaseEvent>
<CommonBaseEvent creationTime="2024-02-29T06:00:28.974Z" globalInstanceId="A1EED6C7D70B6BF0C437B33165623663" msg="RPXE0001W BREW actions completed = 767" severity="50" version="1.0.1">
	<extendedDataElements name="CommonBaseEventLogRecord:level" type="noValue">
		<children name="CommonBaseEventLogRecord:name" type="string">
			<values>SEVERE</values>
		</children>
		<children name="CommonBaseEventLogRecord:value" type="int">
			<values>1000</values>
		</children>
	</extendedDataElements>
	<extendedDataElements name="CommonBaseEventLogRecord:sequenceNumber" type="long">
		<values>6</values>
	</extendedDataElements>
	<extendedDataElements name="CommonBaseEventLogRecord:threadID" type="int">
		<values>53</values>
	</extendedDataElements>
	<extendedDataElements name="CommonBaseEventLogRecord:loggerName" type="string">
		<values>com.ibm.rational.test.lt.core.logging.PDExecutionLog</values>
	</extendedDataElements>
	<sourceComponentId application="DevOps Test Performance" component="Performance Test Type" componentIdType="Application" executionEnvironment="Java" location="192.168.1.34" locationType="IPV4" subComponent="com.ibm.rational.test.lt.kernel_6.1.0" componentType="Hyades Data Collection Engine Application"/>
	<situation categoryName="ReportSituation">
		<situationType xmlns:xsi="http://www.w3.org/2001/XMLSchema-instance" xsi:type="ReportSituation" reasoningScope="INTERNAL" reportCategory="LOG"/>
	</situation>
</CommonBaseEvent>
<CommonBaseEvent creationTime="2024-02-29T06:00:28.974Z" globalInstanceId="A1EED6C7D70B9300C437B33165623663" msg="RPXE0001W BREW largest pool size = 10" severity="50" version="1.0.1">
	<extendedDataElements name="CommonBaseEventLogRecord:level" type="noValue">
		<children name="CommonBaseEventLogRecord:name" type="string">
			<values>SEVERE</values>
		</children>
		<children name="CommonBaseEventLogRecord:value" type="int">
			<values>1000</values>
		</children>
	</extendedDataElements>
	<extendedDataElements name="CommonBaseEventLogRecord:sequenceNumber" type="long">
		<values>7</values>
	</extendedDataElements>
	<extendedDataElements name="CommonBaseEventLogRecord:threadID" type="int">
		<values>53</values>
	</extendedDataElements>
	<extendedDataElements name="CommonBaseEventLogRecord:loggerName" type="string">
		<values>com.ibm.rational.test.lt.core.logging.PDExecutionLog</values>
	</extendedDataElements>
	<sourceComponentId application="DevOps Test Performance" component="Performance Test Type" componentIdType="Application" executionEnvironment="Java" location="192.168.1.34" locationType="IPV4" subComponent="com.ibm.rational.test.lt.kernel_6.1.0" componentType="Hyades Data Collection Engine Application"/>
	<situation categoryName="ReportSituation">
		<situationType xmlns:xsi="http://www.w3.org/2001/XMLSchema-instance" xsi:type="ReportSituation" reasoningScope="INTERNAL" reportCategory="LOG"/>
	</situation>
</CommonBaseEvent>
<CommonBaseEvent creationTime="2024-02-29T06:00:28.975Z" globalInstanceId="A1EED6C7D70B9301C437B33165623663" msg="RPXE0001W Engine STOP commencing worker finalizers" severity="50" version="1.0.1">
	<extendedDataElements name="CommonBaseEventLogRecord:level" type="noValue">
		<children name="CommonBaseEventLogRecord:name" type="string">
			<values>SEVERE</values>
		</children>
		<children name="CommonBaseEventLogRecord:value" type="int">
			<values>1000</values>
		</children>
	</extendedDataElements>
	<extendedDataElements name="CommonBaseEventLogRecord:sequenceNumber" type="long">
		<values>8</values>
	</extendedDataElements>
	<extendedDataElements name="CommonBaseEventLogRecord:threadID" type="int">
		<values>53</values>
	</extendedDataElements>
	<extendedDataElements name="CommonBaseEventLogRecord:loggerName" type="string">
		<values>com.ibm.rational.test.lt.core.logging.PDExecutionLog</values>
	</extendedDataElements>
	<sourceComponentId application="DevOps Test Performance" component="Performance Test Type" componentIdType="Application" executionEnvironment="Java" location="192.168.1.34" locationType="IPV4" subComponent="com.ibm.rational.test.lt.kernel_6.1.0" componentType="Hyades Data Collection Engine Application"/>
	<situation categoryName="ReportSituation">
		<situationType xmlns:xsi="http://www.w3.org/2001/XMLSchema-instance" xsi:type="ReportSituation" reasoningScope="INTERNAL" reportCategory="LOG"/>
	</situation>
</CommonBaseEvent>
<CommonBaseEvent creationTime="2024-02-29T06:00:29.085Z" globalInstanceId="A1EED6C7D71C34D0C437B33165623663" msg="RPXE0001W Engine STOP wait for finalizers done  completed=10 poolsize=10" severity="50" version="1.0.1">
	<extendedDataElements name="CommonBaseEventLogRecord:level" type="noValue">
		<children name="CommonBaseEventLogRecord:name" type="string">
			<values>SEVERE</values>
		</children>
		<children name="CommonBaseEventLogRecord:value" type="int">
			<values>1000</values>
		</children>
	</extendedDataElements>
	<extendedDataElements name="CommonBaseEventLogRecord:sequenceNumber" type="long">
		<values>9</values>
	</extendedDataElements>
	<extendedDataElements name="CommonBaseEventLogRecord:threadID" type="int">
		<values>53</values>
	</extendedDataElements>
	<extendedDataElements name="CommonBaseEventLogRecord:loggerName" type="string">
		<values>com.ibm.rational.test.lt.core.logging.PDExecutionLog</values>
	</extendedDataElements>
	<sourceComponentId application="DevOps Test Performance" component="Performance Test Type" componentIdType="Application" executionEnvironment="Java" location="192.168.1.34" locationType="IPV4" subComponent="com.ibm.rational.test.lt.kernel_6.1.0" componentType="Hyades Data Collection Engine Application"/>
	<situation categoryName="ReportSituation">
		<situationType xmlns:xsi="http://www.w3.org/2001/XMLSchema-instance" xsi:type="ReportSituation" reasoningScope="INTERNAL" reportCategory="LOG"/>
	</situation>
</CommonBaseEvent>
<CommonBaseEvent creationTime="2024-02-29T06:00:29.838Z" globalInstanceId="A1EED6C7D78F1AE0C437B33165623663" msg="RPXE0001W Virtual User Stop Statistics" severity="50" version="1.0.1">
	<extendedDataElements name="CommonBaseEventLogRecord:level" type="noValue">
		<children name="CommonBaseEventLogRecord:name" type="string">
			<values>SEVERE</values>
		</children>
		<children name="CommonBaseEventLogRecord:value" type="int">
			<values>1000</values>
		</children>
	</extendedDataElements>
	<extendedDataElements name="CommonBaseEventLogRecord:sequenceNumber" type="long">
		<values>10</values>
	</extendedDataElements>
	<extendedDataElements name="CommonBaseEventLogRecord:threadID" type="int">
		<values>53</values>
	</extendedDataElements>
	<extendedDataElements name="CommonBaseEventLogRecord:loggerName" type="string">
		<values>com.ibm.rational.test.lt.core.logging.PDExecutionLog</values>
	</extendedDataElements>
	<sourceComponentId application="DevOps Test Performance" component="Performance Test Type" componentIdType="Application" executionEnvironment="Java" location="192.168.1.34" locationType="IPV4" subComponent="com.ibm.rational.test.lt.kernel_6.1.0" componentType="Hyades Data Collection Engine Application"/>
	<situation categoryName="ReportSituation">
		<situationType xmlns:xsi="http://www.w3.org/2001/XMLSchema-instance" xsi:type="ReportSituation" reasoningScope="INTERNAL" reportCategory="LOG"/>
	</situation>
</CommonBaseEvent>
<CommonBaseEvent creationTime="2024-02-29T06:00:29.838Z" globalInstanceId="A1EED6C7D78F41F0C437B33165623663" msg="RPXE0001W Stop reason Unknown:  5 users" severity="50" version="1.0.1">
	<extendedDataElements name="CommonBaseEventLogRecord:level" type="noValue">
		<children name="CommonBaseEventLogRecord:name" type="string">
			<values>SEVERE</values>
		</children>
		<children name="CommonBaseEventLogRecord:value" type="int">
			<values>1000</values>
		</children>
	</extendedDataElements>
	<extendedDataElements name="CommonBaseEventLogRecord:sequenceNumber" type="long">
		<values>11</values>
	</extendedDataElements>
	<extendedDataElements name="CommonBaseEventLogRecord:threadID" type="int">
		<values>53</values>
	</extendedDataElements>
	<extendedDataElements name="CommonBaseEventLogRecord:loggerName" type="string">
		<values>com.ibm.rational.test.lt.core.logging.PDExecutionLog</values>
	</extendedDataElements>
	<sourceComponentId application="DevOps Test Performance" component="Performance Test Type" componentIdType="Application" executionEnvironment="Java" location="192.168.1.34" locationType="IPV4" subComponent="com.ibm.rational.test.lt.kernel_6.1.0" componentType="Hyades Data Collection Engine Application"/>
	<situation categoryName="ReportSituation">
		<situationType xmlns:xsi="http://www.w3.org/2001/XMLSchema-instance" xsi:type="ReportSituation" reasoningScope="INTERNAL" reportCategory="LOG"/>
	</situation>
</CommonBaseEvent>
<CommonBaseEvent creationTime="2024-02-29T06:00:29.838Z" globalInstanceId="A1EED6C7D78F41F1C437B33165623663" msg="RPXE0001W    [User Group 1][000001] stopped at 40111" severity="50" version="1.0.1">
	<extendedDataElements name="CommonBaseEventLogRecord:level" type="noValue">
		<children name="CommonBaseEventLogRecord:name" type="string">
			<values>SEVERE</values>
		</children>
		<children name="CommonBaseEventLogRecord:value" type="int">
			<values>1000</values>
		</children>
	</extendedDataElements>
	<extendedDataElements name="CommonBaseEventLogRecord:sequenceNumber" type="long">
		<values>12</values>
	</extendedDataElements>
	<extendedDataElements name="CommonBaseEventLogRecord:threadID" type="int">
		<values>53</values>
	</extendedDataElements>
	<extendedDataElements name="CommonBaseEventLogRecord:loggerName" type="string">
		<values>com.ibm.rational.test.lt.core.logging.PDExecutionLog</values>
	</extendedDataElements>
	<sourceComponentId application="DevOps Test Performance" component="Performance Test Type" componentIdType="Application" executionEnvironment="Java" location="192.168.1.34" locationType="IPV4" subComponent="com.ibm.rational.test.lt.kernel_6.1.0" componentType="Hyades Data Collection Engine Application"/>
	<situation categoryName="ReportSituation">
		<situationType xmlns:xsi="http://www.w3.org/2001/XMLSchema-instance" xsi:type="ReportSituation" reasoningScope="INTERNAL" reportCategory="LOG"/>
	</situation>
</CommonBaseEvent>
<CommonBaseEvent creationTime="2024-02-29T06:00:29.838Z" globalInstanceId="A1EED6C7D78F6900C437B33165623663" msg="RPXE0001W    [User Group 1][000003] stopped at 39343" severity="50" version="1.0.1">
	<extendedDataElements name="CommonBaseEventLogRecord:level" type="noValue">
		<children name="CommonBaseEventLogRecord:name" type="string">
			<values>SEVERE</values>
		</children>
		<children name="CommonBaseEventLogRecord:value" type="int">
			<values>1000</values>
		</children>
	</extendedDataElements>
	<extendedDataElements name="CommonBaseEventLogRecord:sequenceNumber" type="long">
		<values>13</values>
	</extendedDataElements>
	<extendedDataElements name="CommonBaseEventLogRecord:threadID" type="int">
		<values>53</values>
	</extendedDataElements>
	<extendedDataElements name="CommonBaseEventLogRecord:loggerName" type="string">
		<values>com.ibm.rational.test.lt.core.logging.PDExecutionLog</values>
	</extendedDataElements>
	<sourceComponentId application="DevOps Test Performance" component="Performance Test Type" componentIdType="Application" executionEnvironment="Java" location="192.168.1.34" locationType="IPV4" subComponent="com.ibm.rational.test.lt.kernel_6.1.0" componentType="Hyades Data Collection Engine Application"/>
	<situation categoryName="ReportSituation">
		<situationType xmlns:xsi="http://www.w3.org/2001/XMLSchema-instance" xsi:type="ReportSituation" reasoningScope="INTERNAL" reportCategory="LOG"/>
	</situation>
</CommonBaseEvent>
<CommonBaseEvent creationTime="2024-02-29T06:00:29.838Z" globalInstanceId="A1EED6C7D78F6901C437B33165623663" msg="RPXE0001W    [User Group 1][000002] stopped at 39350" severity="50" version="1.0.1">
	<extendedDataElements name="CommonBaseEventLogRecord:level" type="noValue">
		<children name="CommonBaseEventLogRecord:name" type="string">
			<values>SEVERE</values>
		</children>
		<children name="CommonBaseEventLogRecord:value" type="int">
			<values>1000</values>
		</children>
	</extendedDataElements>
	<extendedDataElements name="CommonBaseEventLogRecord:sequenceNumber" type="long">
		<values>14</values>
	</extendedDataElements>
	<extendedDataElements name="CommonBaseEventLogRecord:threadID" type="int">
		<values>53</values>
	</extendedDataElements>
	<extendedDataElements name="CommonBaseEventLogRecord:loggerName" type="string">
		<values>com.ibm.rational.test.lt.core.logging.PDExecutionLog</values>
	</extendedDataElements>
	<sourceComponentId application="DevOps Test Performance" component="Performance Test Type" componentIdType="Application" executionEnvironment="Java" location="192.168.1.34" locationType="IPV4" subComponent="com.ibm.rational.test.lt.kernel_6.1.0" componentType="Hyades Data Collection Engine Application"/>
	<situation categoryName="ReportSituation">
		<situationType xmlns:xsi="http://www.w3.org/2001/XMLSchema-instance" xsi:type="ReportSituation" reasoningScope="INTERNAL" reportCategory="LOG"/>
	</situation>
</CommonBaseEvent>
<CommonBaseEvent creationTime="2024-02-29T06:00:29.838Z" globalInstanceId="A1EED6C7D78F9010C437B33165623663" msg="RPXE0001W    [User Group 1][000005] stopped at 41404" severity="50" version="1.0.1">
	<extendedDataElements name="CommonBaseEventLogRecord:level" type="noValue">
		<children name="CommonBaseEventLogRecord:name" type="string">
			<values>SEVERE</values>
		</children>
		<children name="CommonBaseEventLogRecord:value" type="int">
			<values>1000</values>
		</children>
	</extendedDataElements>
	<extendedDataElements name="CommonBaseEventLogRecord:sequenceNumber" type="long">
		<values>15</values>
	</extendedDataElements>
	<extendedDataElements name="CommonBaseEventLogRecord:threadID" type="int">
		<values>53</values>
	</extendedDataElements>
	<extendedDataElements name="CommonBaseEventLogRecord:loggerName" type="string">
		<values>com.ibm.rational.test.lt.core.logging.PDExecutionLog</values>
	</extendedDataElements>
	<sourceComponentId application="DevOps Test Performance" component="Performance Test Type" componentIdType="Application" executionEnvironment="Java" location="192.168.1.34" locationType="IPV4" subComponent="com.ibm.rational.test.lt.kernel_6.1.0" componentType="Hyades Data Collection Engine Application"/>
	<situation categoryName="ReportSituation">
		<situationType xmlns:xsi="http://www.w3.org/2001/XMLSchema-instance" xsi:type="ReportSituation" reasoningScope="INTERNAL" reportCategory="LOG"/>
	</situation>
</CommonBaseEvent>
<CommonBaseEvent creationTime="2024-02-29T06:00:29.838Z" globalInstanceId="A1EED6C7D78F9011C437B33165623663" msg="RPXE0001W    [User Group 1][000004] stopped at 39053" severity="50" version="1.0.1">
	<extendedDataElements name="CommonBaseEventLogRecord:level" type="noValue">
		<children name="CommonBaseEventLogRecord:name" type="string">
			<values>SEVERE</values>
		</children>
		<children name="CommonBaseEventLogRecord:value" type="int">
			<values>1000</values>
		</children>
	</extendedDataElements>
	<extendedDataElements name="CommonBaseEventLogRecord:sequenceNumber" type="long">
		<values>16</values>
	</extendedDataElements>
	<extendedDataElements name="CommonBaseEventLogRecord:threadID" type="int">
		<values>53</values>
	</extendedDataElements>
	<extendedDataElements name="CommonBaseEventLogRecord:loggerName" type="string">
		<values>com.ibm.rational.test.lt.core.logging.PDExecutionLog</values>
	</extendedDataElements>
	<sourceComponentId application="DevOps Test Performance" component="Performance Test Type" componentIdType="Application" executionEnvironment="Java" location="192.168.1.34" locationType="IPV4" subComponent="com.ibm.rational.test.lt.kernel_6.1.0" componentType="Hyades Data Collection Engine Application"/>
	<situation categoryName="ReportSituation">
		<situationType xmlns:xsi="http://www.w3.org/2001/XMLSchema-instance" xsi:type="ReportSituation" reasoningScope="INTERNAL" reportCategory="LOG"/>
	</situation>
</CommonBaseEvent>
<CommonBaseEvent creationTime="2024-02-29T06:00:35.364Z" globalInstanceId="A1EED6C7DADA7550C437B33165623663" msg="RPXE0001W *** Runner process finished normally ***   &lt;main&gt;" severity="50" version="1.0.1">
	<extendedDataElements name="CommonBaseEventLogRecord:level" type="noValue">
		<children name="CommonBaseEventLogRecord:name" type="string">
			<values>SEVERE</values>
		</children>
		<children name="CommonBaseEventLogRecord:value" type="int">
			<values>1000</values>
		</children>
	</extendedDataElements>
	<extendedDataElements name="CommonBaseEventLogRecord:sequenceNumber" type="long">
		<values>17</values>
	</extendedDataElements>
	<extendedDataElements name="CommonBaseEventLogRecord:threadID" type="int">
		<values>53</values>
	</extendedDataElements>
	<extendedDataElements name="CommonBaseEventLogRecord:loggerName" type="string">
		<values>com.ibm.rational.test.lt.core.logging.PDExecutionLog</values>
	</extendedDataElements>
	<sourceComponentId application="DevOps Test Performance" component="Performance Test Type" componentIdType="Application" executionEnvironment="Java" location="192.168.1.34" locationType="IPV4" subComponent="com.ibm.rational.test.lt.kernel_6.1.0" componentType="Hyades Data Collection Engine Application"/>
	<situation categoryName="ReportSituation">
		<situationType xmlns:xsi="http://www.w3.org/2001/XMLSchema-instance" xsi:type="ReportSituation" reasoningScope="INTERNAL" reportCategory="LOG"/>
	</situation>
</CommonBaseEvent>
