<CommonBaseEvent creationTime="2024-02-29T04:28:54.819Z" globalInstanceId="A1EED6BB0CE162F0FC0FB53933643239" msg="RPXE0001W 1 users successfully added" severity="50" version="1.0.1">
	<extendedDataElements name="CommonBaseEventLogRecord:level" type="noValue">
		<children name="CommonBaseEventLogRecord:name" type="string">
			<values>SEVERE</values>
		</children>
		<children name="CommonBaseEventLogRecord:value" type="int">
			<values>1000</values>
		</children>
	</extendedDataElements>
	<extendedDataElements name="CommonBaseEventLogRecord:sequenceNumber" type="long">
		<values>0</values>
	</extendedDataElements>
	<extendedDataElements name="CommonBaseEventLogRecord:threadID" type="int">
		<values>52</values>
	</extendedDataElements>
	<extendedDataElements name="CommonBaseEventLogRecord:loggerName" type="string">
		<values>com.ibm.rational.test.lt.core.logging.PDExecutionLog</values>
	</extendedDataElements>
	<sourceComponentId application="DevOps Test Performance" component="Performance Test Type" componentIdType="Application" executionEnvironment="Java" location="192.168.1.34" locationType="IPV4" subComponent="com.ibm.rational.test.lt.kernel_6.1.0" componentType="Hyades Data Collection Engine Application"/>
	<situation categoryName="ReportSituation">
		<situationType xmlns:xsi="http://www.w3.org/2001/XMLSchema-instance" xsi:type="ReportSituation" reasoningScope="INTERNAL" reportCategory="LOG"/>
	</situation>
</CommonBaseEvent>
<CommonBaseEvent creationTime="2024-02-29T04:29:20.984Z" globalInstanceId="A1EED6BB1BDE3580FC0FB53933643239" msg="RPXE0001W 7.7.300 Engine STOP reason Unknown" severity="50" version="1.0.1">
	<extendedDataElements name="CommonBaseEventLogRecord:level" type="noValue">
		<children name="CommonBaseEventLogRecord:name" type="string">
			<values>SEVERE</values>
		</children>
		<children name="CommonBaseEventLogRecord:value" type="int">
			<values>1000</values>
		</children>
	</extendedDataElements>
	<extendedDataElements name="CommonBaseEventLogRecord:sequenceNumber" type="long">
		<values>1</values>
	</extendedDataElements>
	<extendedDataElements name="CommonBaseEventLogRecord:threadID" type="int">
		<values>52</values>
	</extendedDataElements>
	<extendedDataElements name="CommonBaseEventLogRecord:loggerName" type="string">
		<values>com.ibm.rational.test.lt.core.logging.PDExecutionLog</values>
	</extendedDataElements>
	<sourceComponentId application="DevOps Test Performance" component="Performance Test Type" componentIdType="Application" executionEnvironment="Java" location="192.168.1.34" locationType="IPV4" subComponent="com.ibm.rational.test.lt.kernel_6.1.0" componentType="Hyades Data Collection Engine Application"/>
	<situation categoryName="ReportSituation">
		<situationType xmlns:xsi="http://www.w3.org/2001/XMLSchema-instance" xsi:type="ReportSituation" reasoningScope="INTERNAL" reportCategory="LOG"/>
	</situation>
</CommonBaseEvent>
<CommonBaseEvent creationTime="2024-02-29T04:29:20.984Z" globalInstanceId="A1EED6BB1BDE3581FC0FB53933643239" msg="RPXE0001W Problem Determination Log Statistics" severity="50" version="1.0.1">
	<extendedDataElements name="CommonBaseEventLogRecord:level" type="noValue">
		<children name="CommonBaseEventLogRecord:name" type="string">
			<values>SEVERE</values>
		</children>
		<children name="CommonBaseEventLogRecord:value" type="int">
			<values>1000</values>
		</children>
	</extendedDataElements>
	<extendedDataElements name="CommonBaseEventLogRecord:sequenceNumber" type="long">
		<values>2</values>
	</extendedDataElements>
	<extendedDataElements name="CommonBaseEventLogRecord:threadID" type="int">
		<values>52</values>
	</extendedDataElements>
	<extendedDataElements name="CommonBaseEventLogRecord:loggerName" type="string">
		<values>com.ibm.rational.test.lt.core.logging.PDExecutionLog</values>
	</extendedDataElements>
	<sourceComponentId application="DevOps Test Performance" component="Performance Test Type" componentIdType="Application" executionEnvironment="Java" location="192.168.1.34" locationType="IPV4" subComponent="com.ibm.rational.test.lt.kernel_6.1.0" componentType="Hyades Data Collection Engine Application"/>
	<situation categoryName="ReportSituation">
		<situationType xmlns:xsi="http://www.w3.org/2001/XMLSchema-instance" xsi:type="ReportSituation" reasoningScope="INTERNAL" reportCategory="LOG"/>
	</situation>
</CommonBaseEvent>
<CommonBaseEvent creationTime="2024-02-29T04:29:20.984Z" globalInstanceId="A1EED6BB1BDE3582FC0FB53933643239" msg="RPXE0001W PDLog rejected=0" severity="50" version="1.0.1">
	<extendedDataElements name="CommonBaseEventLogRecord:level" type="noValue">
		<children name="CommonBaseEventLogRecord:name" type="string">
			<values>SEVERE</values>
		</children>
		<children name="CommonBaseEventLogRecord:value" type="int">
			<values>1000</values>
		</children>
	</extendedDataElements>
	<extendedDataElements name="CommonBaseEventLogRecord:sequenceNumber" type="long">
		<values>3</values>
	</extendedDataElements>
	<extendedDataElements name="CommonBaseEventLogRecord:threadID" type="int">
		<values>52</values>
	</extendedDataElements>
	<extendedDataElements name="CommonBaseEventLogRecord:loggerName" type="string">
		<values>com.ibm.rational.test.lt.core.logging.PDExecutionLog</values>
	</extendedDataElements>
	<sourceComponentId application="DevOps Test Performance" component="Performance Test Type" componentIdType="Application" executionEnvironment="Java" location="192.168.1.34" locationType="IPV4" subComponent="com.ibm.rational.test.lt.kernel_6.1.0" componentType="Hyades Data Collection Engine Application"/>
	<situation categoryName="ReportSituation">
		<situationType xmlns:xsi="http://www.w3.org/2001/XMLSchema-instance" xsi:type="ReportSituation" reasoningScope="INTERNAL" reportCategory="LOG"/>
	</situation>
</CommonBaseEvent>
<CommonBaseEvent creationTime="2024-02-29T04:29:20.984Z" globalInstanceId="A1EED6BB1BDE3583FC0FB53933643239" msg="RPXE0001W BREW actions completed = 152" severity="50" version="1.0.1">
	<extendedDataElements name="CommonBaseEventLogRecord:level" type="noValue">
		<children name="CommonBaseEventLogRecord:name" type="string">
			<values>SEVERE</values>
		</children>
		<children name="CommonBaseEventLogRecord:value" type="int">
			<values>1000</values>
		</children>
	</extendedDataElements>
	<extendedDataElements name="CommonBaseEventLogRecord:sequenceNumber" type="long">
		<values>4</values>
	</extendedDataElements>
	<extendedDataElements name="CommonBaseEventLogRecord:threadID" type="int">
		<values>52</values>
	</extendedDataElements>
	<extendedDataElements name="CommonBaseEventLogRecord:loggerName" type="string">
		<values>com.ibm.rational.test.lt.core.logging.PDExecutionLog</values>
	</extendedDataElements>
	<sourceComponentId application="DevOps Test Performance" component="Performance Test Type" componentIdType="Application" executionEnvironment="Java" location="192.168.1.34" locationType="IPV4" subComponent="com.ibm.rational.test.lt.kernel_6.1.0" componentType="Hyades Data Collection Engine Application"/>
	<situation categoryName="ReportSituation">
		<situationType xmlns:xsi="http://www.w3.org/2001/XMLSchema-instance" xsi:type="ReportSituation" reasoningScope="INTERNAL" reportCategory="LOG"/>
	</situation>
</CommonBaseEvent>
<CommonBaseEvent creationTime="2024-02-29T04:29:20.984Z" globalInstanceId="A1EED6BB1BDE3584FC0FB53933643239" msg="RPXE0001W BREW largest pool size = 10" severity="50" version="1.0.1">
	<extendedDataElements name="CommonBaseEventLogRecord:level" type="noValue">
		<children name="CommonBaseEventLogRecord:name" type="string">
			<values>SEVERE</values>
		</children>
		<children name="CommonBaseEventLogRecord:value" type="int">
			<values>1000</values>
		</children>
	</extendedDataElements>
	<extendedDataElements name="CommonBaseEventLogRecord:sequenceNumber" type="long">
		<values>5</values>
	</extendedDataElements>
	<extendedDataElements name="CommonBaseEventLogRecord:threadID" type="int">
		<values>52</values>
	</extendedDataElements>
	<extendedDataElements name="CommonBaseEventLogRecord:loggerName" type="string">
		<values>com.ibm.rational.test.lt.core.logging.PDExecutionLog</values>
	</extendedDataElements>
	<sourceComponentId application="DevOps Test Performance" component="Performance Test Type" componentIdType="Application" executionEnvironment="Java" location="192.168.1.34" locationType="IPV4" subComponent="com.ibm.rational.test.lt.kernel_6.1.0" componentType="Hyades Data Collection Engine Application"/>
	<situation categoryName="ReportSituation">
		<situationType xmlns:xsi="http://www.w3.org/2001/XMLSchema-instance" xsi:type="ReportSituation" reasoningScope="INTERNAL" reportCategory="LOG"/>
	</situation>
</CommonBaseEvent>
<CommonBaseEvent creationTime="2024-02-29T04:29:20.984Z" globalInstanceId="A1EED6BB1BDE3585FC0FB53933643239" msg="RPXE0001W Engine STOP commencing worker finalizers" severity="50" version="1.0.1">
	<extendedDataElements name="CommonBaseEventLogRecord:level" type="noValue">
		<children name="CommonBaseEventLogRecord:name" type="string">
			<values>SEVERE</values>
		</children>
		<children name="CommonBaseEventLogRecord:value" type="int">
			<values>1000</values>
		</children>
	</extendedDataElements>
	<extendedDataElements name="CommonBaseEventLogRecord:sequenceNumber" type="long">
		<values>6</values>
	</extendedDataElements>
	<extendedDataElements name="CommonBaseEventLogRecord:threadID" type="int">
		<values>52</values>
	</extendedDataElements>
	<extendedDataElements name="CommonBaseEventLogRecord:loggerName" type="string">
		<values>com.ibm.rational.test.lt.core.logging.PDExecutionLog</values>
	</extendedDataElements>
	<sourceComponentId application="DevOps Test Performance" component="Performance Test Type" componentIdType="Application" executionEnvironment="Java" location="192.168.1.34" locationType="IPV4" subComponent="com.ibm.rational.test.lt.kernel_6.1.0" componentType="Hyades Data Collection Engine Application"/>
	<situation categoryName="ReportSituation">
		<situationType xmlns:xsi="http://www.w3.org/2001/XMLSchema-instance" xsi:type="ReportSituation" reasoningScope="INTERNAL" reportCategory="LOG"/>
	</situation>
</CommonBaseEvent>
<CommonBaseEvent creationTime="2024-02-29T04:29:21.093Z" globalInstanceId="A1EED6BB1BEED750FC0FB53933643239" msg="RPXE0001W Engine STOP wait for finalizers done  completed=10 poolsize=10" severity="50" version="1.0.1">
	<extendedDataElements name="CommonBaseEventLogRecord:level" type="noValue">
		<children name="CommonBaseEventLogRecord:name" type="string">
			<values>SEVERE</values>
		</children>
		<children name="CommonBaseEventLogRecord:value" type="int">
			<values>1000</values>
		</children>
	</extendedDataElements>
	<extendedDataElements name="CommonBaseEventLogRecord:sequenceNumber" type="long">
		<values>7</values>
	</extendedDataElements>
	<extendedDataElements name="CommonBaseEventLogRecord:threadID" type="int">
		<values>52</values>
	</extendedDataElements>
	<extendedDataElements name="CommonBaseEventLogRecord:loggerName" type="string">
		<values>com.ibm.rational.test.lt.core.logging.PDExecutionLog</values>
	</extendedDataElements>
	<sourceComponentId application="DevOps Test Performance" component="Performance Test Type" componentIdType="Application" executionEnvironment="Java" location="192.168.1.34" locationType="IPV4" subComponent="com.ibm.rational.test.lt.kernel_6.1.0" componentType="Hyades Data Collection Engine Application"/>
	<situation categoryName="ReportSituation">
		<situationType xmlns:xsi="http://www.w3.org/2001/XMLSchema-instance" xsi:type="ReportSituation" reasoningScope="INTERNAL" reportCategory="LOG"/>
	</situation>
</CommonBaseEvent>
<CommonBaseEvent creationTime="2024-02-29T04:29:23.627Z" globalInstanceId="A1EED6BB1D717FB0FC0FB53933643239" msg="RPXE0001W Virtual User Stop Statistics" severity="50" version="1.0.1">
	<extendedDataElements name="CommonBaseEventLogRecord:level" type="noValue">
		<children name="CommonBaseEventLogRecord:name" type="string">
			<values>SEVERE</values>
		</children>
		<children name="CommonBaseEventLogRecord:value" type="int">
			<values>1000</values>
		</children>
	</extendedDataElements>
	<extendedDataElements name="CommonBaseEventLogRecord:sequenceNumber" type="long">
		<values>8</values>
	</extendedDataElements>
	<extendedDataElements name="CommonBaseEventLogRecord:threadID" type="int">
		<values>52</values>
	</extendedDataElements>
	<extendedDataElements name="CommonBaseEventLogRecord:loggerName" type="string">
		<values>com.ibm.rational.test.lt.core.logging.PDExecutionLog</values>
	</extendedDataElements>
	<sourceComponentId application="DevOps Test Performance" component="Performance Test Type" componentIdType="Application" executionEnvironment="Java" location="192.168.1.34" locationType="IPV4" subComponent="com.ibm.rational.test.lt.kernel_6.1.0" componentType="Hyades Data Collection Engine Application"/>
	<situation categoryName="ReportSituation">
		<situationType xmlns:xsi="http://www.w3.org/2001/XMLSchema-instance" xsi:type="ReportSituation" reasoningScope="INTERNAL" reportCategory="LOG"/>
	</situation>
</CommonBaseEvent>
<CommonBaseEvent creationTime="2024-02-29T04:29:23.627Z" globalInstanceId="A1EED6BB1D717FB1FC0FB53933643239" msg="RPXE0001W Stop reason Unknown:  1 users" severity="50" version="1.0.1">
	<extendedDataElements name="CommonBaseEventLogRecord:level" type="noValue">
		<children name="CommonBaseEventLogRecord:name" type="string">
			<values>SEVERE</values>
		</children>
		<children name="CommonBaseEventLogRecord:value" type="int">
			<values>1000</values>
		</children>
	</extendedDataElements>
	<extendedDataElements name="CommonBaseEventLogRecord:sequenceNumber" type="long">
		<values>9</values>
	</extendedDataElements>
	<extendedDataElements name="CommonBaseEventLogRecord:threadID" type="int">
		<values>52</values>
	</extendedDataElements>
	<extendedDataElements name="CommonBaseEventLogRecord:loggerName" type="string">
		<values>com.ibm.rational.test.lt.core.logging.PDExecutionLog</values>
	</extendedDataElements>
	<sourceComponentId application="DevOps Test Performance" component="Performance Test Type" componentIdType="Application" executionEnvironment="Java" location="192.168.1.34" locationType="IPV4" subComponent="com.ibm.rational.test.lt.kernel_6.1.0" componentType="Hyades Data Collection Engine Application"/>
	<situation categoryName="ReportSituation">
		<situationType xmlns:xsi="http://www.w3.org/2001/XMLSchema-instance" xsi:type="ReportSituation" reasoningScope="INTERNAL" reportCategory="LOG"/>
	</situation>
</CommonBaseEvent>
<CommonBaseEvent creationTime="2024-02-29T04:29:23.627Z" globalInstanceId="A1EED6BB1D717FB2FC0FB53933643239" msg="RPXE0001W    [DefaultUserGroup][000001] stopped at 27435" severity="50" version="1.0.1">
	<extendedDataElements name="CommonBaseEventLogRecord:level" type="noValue">
		<children name="CommonBaseEventLogRecord:name" type="string">
			<values>SEVERE</values>
		</children>
		<children name="CommonBaseEventLogRecord:value" type="int">
			<values>1000</values>
		</children>
	</extendedDataElements>
	<extendedDataElements name="CommonBaseEventLogRecord:sequenceNumber" type="long">
		<values>10</values>
	</extendedDataElements>
	<extendedDataElements name="CommonBaseEventLogRecord:threadID" type="int">
		<values>52</values>
	</extendedDataElements>
	<extendedDataElements name="CommonBaseEventLogRecord:loggerName" type="string">
		<values>com.ibm.rational.test.lt.core.logging.PDExecutionLog</values>
	</extendedDataElements>
	<sourceComponentId application="DevOps Test Performance" component="Performance Test Type" componentIdType="Application" executionEnvironment="Java" location="192.168.1.34" locationType="IPV4" subComponent="com.ibm.rational.test.lt.kernel_6.1.0" componentType="Hyades Data Collection Engine Application"/>
	<situation categoryName="ReportSituation">
		<situationType xmlns:xsi="http://www.w3.org/2001/XMLSchema-instance" xsi:type="ReportSituation" reasoningScope="INTERNAL" reportCategory="LOG"/>
	</situation>
</CommonBaseEvent>
<CommonBaseEvent creationTime="2024-02-29T04:29:28.927Z" globalInstanceId="A1EED6BB209A36F0FC0FB53933643239" msg="RPXE0001W *** Runner process finished normally ***   &lt;main&gt;" severity="50" version="1.0.1">
	<extendedDataElements name="CommonBaseEventLogRecord:level" type="noValue">
		<children name="CommonBaseEventLogRecord:name" type="string">
			<values>SEVERE</values>
		</children>
		<children name="CommonBaseEventLogRecord:value" type="int">
			<values>1000</values>
		</children>
	</extendedDataElements>
	<extendedDataElements name="CommonBaseEventLogRecord:sequenceNumber" type="long">
		<values>11</values>
	</extendedDataElements>
	<extendedDataElements name="CommonBaseEventLogRecord:threadID" type="int">
		<values>52</values>
	</extendedDataElements>
	<extendedDataElements name="CommonBaseEventLogRecord:loggerName" type="string">
		<values>com.ibm.rational.test.lt.core.logging.PDExecutionLog</values>
	</extendedDataElements>
	<sourceComponentId application="DevOps Test Performance" component="Performance Test Type" componentIdType="Application" executionEnvironment="Java" location="192.168.1.34" locationType="IPV4" subComponent="com.ibm.rational.test.lt.kernel_6.1.0" componentType="Hyades Data Collection Engine Application"/>
	<situation categoryName="ReportSituation">
		<situationType xmlns:xsi="http://www.w3.org/2001/XMLSchema-instance" xsi:type="ReportSituation" reasoningScope="INTERNAL" reportCategory="LOG"/>
	</situation>
</CommonBaseEvent>
